2023-06-23 15:34:50,377 INFO o.a.j.u.JMeterUtils: Setting Locale to en_EN
2023-06-23 15:34:50,391 INFO o.a.j.JMeter: Loading user properties from: /home/andre/apache-jmeter-5.5/bin/user.properties
2023-06-23 15:34:50,391 INFO o.a.j.JMeter: Loading system properties from: /home/andre/apache-jmeter-5.5/bin/system.properties
2023-06-23 15:34:50,396 INFO o.a.j.JMeter: Copyright (c) 1998-2022 The Apache Software Foundation
2023-06-23 15:34:50,396 INFO o.a.j.JMeter: Version 5.5
2023-06-23 15:34:50,396 INFO o.a.j.JMeter: java.version=18.0.2-ea
2023-06-23 15:34:50,396 INFO o.a.j.JMeter: java.vm.name=OpenJDK 64-Bit Server VM
2023-06-23 15:34:50,396 INFO o.a.j.JMeter: os.name=Linux
2023-06-23 15:34:50,396 INFO o.a.j.JMeter: os.arch=amd64
2023-06-23 15:34:50,396 INFO o.a.j.JMeter: os.version=5.19.0-45-generic
2023-06-23 15:34:50,396 INFO o.a.j.JMeter: file.encoding=UTF-8
2023-06-23 15:34:50,396 INFO o.a.j.JMeter: java.awt.headless=null
2023-06-23 15:34:50,396 INFO o.a.j.JMeter: Max memory     =1073741824
2023-06-23 15:34:50,396 INFO o.a.j.JMeter: Available Processors =16
2023-06-23 15:34:50,403 INFO o.a.j.JMeter: Default Locale=English (EN)
2023-06-23 15:34:50,403 INFO o.a.j.JMeter: JMeter  Locale=English (EN)
2023-06-23 15:34:50,403 INFO o.a.j.JMeter: JMeterHome=/home/andre/apache-jmeter-5.5
2023-06-23 15:34:50,404 INFO o.a.j.JMeter: user.dir  =/home/andre/Workspace/channels-netty4
2023-06-23 15:34:50,404 INFO o.a.j.JMeter: PWD       =/home/andre/Workspace/channels-netty4
2023-06-23 15:34:50,404 INFO o.a.j.JMeter: IP: 127.0.1.1 Name: aalvares FullName: aalvares
2023-06-23 15:34:50,410 INFO o.a.j.JMeter: Loaded icon properties from org/apache/jmeter/images/icon.properties
2023-06-23 15:34:50,557 INFO o.a.j.JMeterGuiLauncher: Setting LAF to: com.github.weisj.darklaf.DarkLaf:com.github.weisj.darklaf.theme.DarculaTheme
2023-06-23 15:34:56,670 INFO o.a.j.s.FileServer: Default base='/home/andre/Workspace/channels-netty4'
2023-06-23 15:34:56,672 INFO o.a.j.g.a.Load: Loading file: /home/andre/Workspace/channels-netty4/iso-tester.jmx
2023-06-23 15:34:56,672 INFO o.a.j.s.FileServer: Set new base='/home/andre/Workspace/channels-netty4'
2023-06-23 15:34:56,796 INFO o.a.j.s.SaveService: Testplan (JMX) version: 2.2. Testlog (JTL) version: 2.2
2023-06-23 15:34:56,801 INFO o.a.j.s.SaveService: Using SaveService properties version 5.0
2023-06-23 15:34:56,802 INFO o.a.j.s.SaveService: Using SaveService properties file encoding UTF-8
2023-06-23 15:34:56,802 INFO o.a.j.s.SaveService: Loading file: /home/andre/Workspace/channels-netty4/iso-tester.jmx
2023-06-23 15:34:56,875 INFO o.a.j.s.SampleResult: Note: Sample TimeStamps are START times
2023-06-23 15:34:56,876 INFO o.a.j.s.SampleResult: sampleresult.default.encoding is set to ISO-8859-1
2023-06-23 15:34:56,876 INFO o.a.j.s.SampleResult: sampleresult.useNanoTime=true
2023-06-23 15:34:56,876 INFO o.a.j.s.SampleResult: sampleresult.nanoThreadSleep=5000
2023-06-23 15:34:56,961 INFO o.a.j.v.ViewResultsFullVisualizer: Add JavaFX to your Java installation if you want to use renderer: org.apache.jmeter.visualizers.RenderInBrowser
2023-06-23 15:34:57,014 INFO o.a.j.s.FileServer: Set new base='/home/andre/Workspace/channels-netty4'
2023-06-23 15:35:16,037 INFO o.a.j.e.StandardJMeterEngine: Running the test!
2023-06-23 15:35:16,038 INFO o.a.j.s.SampleEvent: List of sample_variables: []
2023-06-23 15:35:16,039 INFO o.a.j.s.SampleEvent: List of sample_variables: []
2023-06-23 15:35:16,039 INFO o.a.j.e.u.CompoundVariable: Note: Function class names must contain the string: '.functions.'
2023-06-23 15:35:16,039 INFO o.a.j.e.u.CompoundVariable: Note: Function class names must not contain the string: '.gui.'
2023-06-23 15:35:16,054 INFO o.a.j.g.u.JMeterMenuBar: setRunning(true, *local*)
2023-06-23 15:35:16,073 INFO o.a.j.e.StandardJMeterEngine: Starting ThreadGroup: 1 : Thread Group
2023-06-23 15:35:16,073 INFO o.a.j.e.StandardJMeterEngine: Starting 1 threads for group Thread Group.
2023-06-23 15:35:16,073 INFO o.a.j.e.StandardJMeterEngine: Thread will continue on error
2023-06-23 15:35:16,073 INFO o.a.j.t.ThreadGroup: Starting thread group... number=1 threads=1 ramp-up=1 delayedStart=false
2023-06-23 15:35:16,074 INFO o.a.j.t.ThreadGroup: Started thread group number 1
2023-06-23 15:35:16,074 INFO o.a.j.e.StandardJMeterEngine: All thread groups have been started
2023-06-23 15:35:16,075 INFO o.a.j.t.JMeterThread: Thread started: Thread Group 1-1
2023-06-23 15:35:20,547 INFO o.a.j.t.JMeterThread: Thread is done: Thread Group 1-1
2023-06-23 15:35:20,547 INFO o.a.j.t.JMeterThread: Thread finished: Thread Group 1-1
2023-06-23 15:35:20,547 INFO o.a.j.e.StandardJMeterEngine: Notifying test listeners of end of test
2023-06-23 15:35:20,548 INFO o.a.j.g.u.JMeterMenuBar: setRunning(false, *local*)
2023-06-23 15:50:14,582 INFO o.a.j.e.StandardJMeterEngine: Running the test!
2023-06-23 15:50:14,584 INFO o.a.j.s.SampleEvent: List of sample_variables: []
2023-06-23 15:50:14,585 INFO o.a.j.g.u.JMeterMenuBar: setRunning(true, *local*)
2023-06-23 15:50:14,586 INFO o.a.j.e.StandardJMeterEngine: Starting ThreadGroup: 1 : Thread Group
2023-06-23 15:50:14,587 INFO o.a.j.e.StandardJMeterEngine: Starting 1 threads for group Thread Group.
2023-06-23 15:50:14,587 INFO o.a.j.e.StandardJMeterEngine: Thread will continue on error
2023-06-23 15:50:14,587 INFO o.a.j.t.ThreadGroup: Starting thread group... number=1 threads=1 ramp-up=1 delayedStart=false
2023-06-23 15:50:14,588 INFO o.a.j.t.ThreadGroup: Started thread group number 1
2023-06-23 15:50:14,588 INFO o.a.j.e.StandardJMeterEngine: All thread groups have been started
2023-06-23 15:50:14,588 INFO o.a.j.t.JMeterThread: Thread started: Thread Group 1-1
2023-06-23 15:50:19,019 INFO o.a.j.t.JMeterThread: Thread is done: Thread Group 1-1
2023-06-23 15:50:19,020 INFO o.a.j.t.JMeterThread: Thread finished: Thread Group 1-1
2023-06-23 15:50:19,021 INFO o.a.j.e.StandardJMeterEngine: Notifying test listeners of end of test
2023-06-23 15:50:19,021 INFO o.a.j.g.u.JMeterMenuBar: setRunning(false, *local*)
2023-06-23 15:51:22,785 INFO o.a.j.e.StandardJMeterEngine: Running the test!
2023-06-23 15:51:22,786 INFO o.a.j.s.SampleEvent: List of sample_variables: []
2023-06-23 15:51:22,786 INFO o.a.j.g.u.JMeterMenuBar: setRunning(true, *local*)
2023-06-23 15:51:22,788 INFO o.a.j.e.StandardJMeterEngine: Starting ThreadGroup: 1 : Thread Group
2023-06-23 15:51:22,788 INFO o.a.j.e.StandardJMeterEngine: Starting 1 threads for group Thread Group.
2023-06-23 15:51:22,788 INFO o.a.j.e.StandardJMeterEngine: Thread will continue on error
2023-06-23 15:51:22,788 INFO o.a.j.t.ThreadGroup: Starting thread group... number=1 threads=1 ramp-up=1 delayedStart=false
2023-06-23 15:51:22,788 INFO o.a.j.t.ThreadGroup: Started thread group number 1
2023-06-23 15:51:22,788 INFO o.a.j.e.StandardJMeterEngine: All thread groups have been started
2023-06-23 15:51:22,788 INFO o.a.j.t.JMeterThread: Thread started: Thread Group 1-1
2023-06-23 15:58:47,387 INFO o.a.j.t.JMeterThread: Thread is done: Thread Group 1-1
2023-06-23 15:58:47,387 INFO o.a.j.t.JMeterThread: Thread finished: Thread Group 1-1
2023-06-23 15:58:47,388 INFO o.a.j.e.StandardJMeterEngine: Notifying test listeners of end of test
2023-06-23 15:58:47,388 INFO o.a.j.g.u.JMeterMenuBar: setRunning(false, *local*)
2023-06-23 17:22:42,029 INFO o.a.j.e.StandardJMeterEngine: Running the test!
2023-06-23 17:22:42,030 INFO o.a.j.s.SampleEvent: List of sample_variables: []
2023-06-23 17:22:42,030 INFO o.a.j.g.u.JMeterMenuBar: setRunning(true, *local*)
2023-06-23 17:22:42,050 INFO o.a.j.e.StandardJMeterEngine: Starting ThreadGroup: 1 : Thread Group
2023-06-23 17:22:42,051 INFO o.a.j.e.StandardJMeterEngine: Starting 1 threads for group Thread Group.
2023-06-23 17:22:42,051 INFO o.a.j.e.StandardJMeterEngine: Thread will continue on error
2023-06-23 17:22:42,051 INFO o.a.j.t.ThreadGroup: Starting thread group... number=1 threads=1 ramp-up=1 delayedStart=false
2023-06-23 17:22:42,051 INFO o.a.j.t.ThreadGroup: Started thread group number 1
2023-06-23 17:22:42,052 INFO o.a.j.e.StandardJMeterEngine: All thread groups have been started
2023-06-23 17:22:42,052 INFO o.a.j.t.JMeterThread: Thread started: Thread Group 1-1
2023-06-23 17:22:46,503 INFO o.a.j.t.JMeterThread: Thread is done: Thread Group 1-1
2023-06-23 17:22:46,503 INFO o.a.j.t.JMeterThread: Thread finished: Thread Group 1-1
2023-06-23 17:22:46,504 INFO o.a.j.e.StandardJMeterEngine: Notifying test listeners of end of test
2023-06-23 17:22:46,504 INFO o.a.j.g.u.JMeterMenuBar: setRunning(false, *local*)
2023-06-23 17:47:11,468 INFO o.a.j.e.StandardJMeterEngine: Running the test!
2023-06-23 17:47:11,469 INFO o.a.j.s.SampleEvent: List of sample_variables: []
2023-06-23 17:47:11,469 INFO o.a.j.g.u.JMeterMenuBar: setRunning(true, *local*)
2023-06-23 17:47:11,639 INFO o.a.j.e.StandardJMeterEngine: Starting ThreadGroup: 1 : Thread Group
2023-06-23 17:47:11,639 INFO o.a.j.e.StandardJMeterEngine: Starting 1 threads for group Thread Group.
2023-06-23 17:47:11,639 INFO o.a.j.e.StandardJMeterEngine: Thread will continue on error
2023-06-23 17:47:11,640 INFO o.a.j.t.ThreadGroup: Starting thread group... number=1 threads=1 ramp-up=1 delayedStart=false
2023-06-23 17:47:11,640 INFO o.a.j.t.ThreadGroup: Started thread group number 1
2023-06-23 17:47:11,640 INFO o.a.j.e.StandardJMeterEngine: All thread groups have been started
2023-06-23 17:47:11,640 INFO o.a.j.t.JMeterThread: Thread started: Thread Group 1-1
2023-06-23 17:47:16,075 INFO o.a.j.t.JMeterThread: Thread is done: Thread Group 1-1
2023-06-23 17:47:16,075 INFO o.a.j.t.JMeterThread: Thread finished: Thread Group 1-1
2023-06-23 17:47:16,075 INFO o.a.j.e.StandardJMeterEngine: Notifying test listeners of end of test
2023-06-23 17:47:16,075 INFO o.a.j.g.u.JMeterMenuBar: setRunning(false, *local*)
2023-06-23 17:54:58,344 INFO o.a.j.e.StandardJMeterEngine: Running the test!
2023-06-23 17:54:58,346 INFO o.a.j.s.SampleEvent: List of sample_variables: []
2023-06-23 17:54:58,347 INFO o.a.j.g.u.JMeterMenuBar: setRunning(true, *local*)
2023-06-23 17:54:58,348 INFO o.a.j.e.StandardJMeterEngine: Starting ThreadGroup: 1 : Thread Group
2023-06-23 17:54:58,348 INFO o.a.j.e.StandardJMeterEngine: Starting 1 threads for group Thread Group.
2023-06-23 17:54:58,348 INFO o.a.j.e.StandardJMeterEngine: Thread will continue on error
2023-06-23 17:54:58,349 INFO o.a.j.t.ThreadGroup: Starting thread group... number=1 threads=1 ramp-up=1 delayedStart=false
2023-06-23 17:54:58,349 INFO o.a.j.t.ThreadGroup: Started thread group number 1
2023-06-23 17:54:58,349 INFO o.a.j.e.StandardJMeterEngine: All thread groups have been started
2023-06-23 17:54:58,349 INFO o.a.j.t.JMeterThread: Thread started: Thread Group 1-1
2023-06-23 17:55:42,930 INFO o.a.j.t.JMeterThread: Thread is done: Thread Group 1-1
2023-06-23 17:55:42,930 INFO o.a.j.t.JMeterThread: Thread finished: Thread Group 1-1
2023-06-23 17:55:42,931 INFO o.a.j.e.StandardJMeterEngine: Notifying test listeners of end of test
2023-06-23 17:55:42,931 INFO o.a.j.g.u.JMeterMenuBar: setRunning(false, *local*)
